<?xml version="1.0" encoding="UTF-8"?>
<!-- Generated by org.testng.reporters.JUnitReportReporter -->
<testsuite name="testcases.LoginPageTest" tests="4" time="0.729" ignored="0" failures="0" timestamp="05 Jun 2019 10:44:49 GMT" skipped="0" hostname="CMBWSVM14" errors="0">
  <testcase name="peerlesslogoTest" time="0.148" classname="testcases.LoginPageTest"/>
  <testcase name="loginPageTitleTest" time="0.061" classname="testcases.LoginPageTest"/>
  <testcase name="welcomMessageText" time="0.057" classname="testcases.LoginPageTest"/>
  <testcase name="logingtest" time="0.463" classname="testcases.LoginPageTest"/>
</testsuite> <!-- testcases.LoginPageTest -->
