<?xml version="1.0" encoding="UTF-8"?>
<!-- Generated by org.testng.reporters.JUnitReportReporter -->
<testsuite name="testcases.HomePageTest" tests="2" time="18.181" ignored="0" failures="0" timestamp="05 Jun 2019 10:44:49 GMT" skipped="0" hostname="CMBWSVM14" errors="0">
  <testcase name="validateUserNameTest" time="18.172" classname="testcases.HomePageTest"/>
  <testcase name="validatePageTitleTest" time="0.009" classname="testcases.HomePageTest"/>
</testsuite> <!-- testcases.HomePageTest -->
